# JRE version: OpenJDK Runtime Environment (8.0_112-b06) (build 1.8.0_112-release-b06)
# Java VM: OpenJDK 64-Bit Server VM (25.112-b06 mixed mode windows-amd64 compressed oops)
Heap:
 PSYoungGen      total 187904K, used 154759K [0x00000000e0000000, 0x00000000efc00000, 0x0000000100000000)
  eden space 146432K, 95% used [0x00000000e0000000,0x00000000e87fa358,0x00000000e8f00000)
  from space 41472K, 37% used [0x00000000e8f00000,0x00000000e9e278f0,0x00000000eb780000)
  to   space 38912K, 0% used [0x00000000ed600000,0x00000000ed600000,0x00000000efc00000)
 ParOldGen       total 117248K, used 98631K [0x00000000a0000000, 0x00000000a7280000, 0x00000000e0000000)
  object space 117248K, 84% used [0x00000000a0000000,0x00000000a6051f40,0x00000000a7280000)
 Metaspace       used 84797K, capacity 87672K, committed 90496K, reserved 1128448K
  class space    used 10649K, capacity 11163K, committed 11904K, reserved 1048576K
GC Heap History (10 events):
Event: 2810.460 GC heap before
{Heap before GC invocations=38 (full 4):
 PSYoungGen      total 145408K, used 145383K [0x00000000e0000000, 0x00000000eae80000, 0x0000000100000000)
  eden space 126464K, 100% used [0x00000000e0000000,0x00000000e7b80000,0x00000000e7b80000)
  from space 18944K, 99% used [0x00000000e7b80000,0x00000000e8df9c88,0x00000000e8e00000)
  to   space 23040K, 0% used [0x00000000e9800000,0x00000000e9800000,0x00000000eae80000)
 ParOldGen       total 117248K, used 69951K [0x00000000a0000000, 0x00000000a7280000, 0x00000000e0000000)
  object space 117248K, 59% used [0x00000000a0000000,0x00000000a444fe30,0x00000000a7280000)
 Metaspace       used 86266K, capacity 90200K, committed 90496K, reserved 1128448K
  class space    used 11038K, capacity 11854K, committed 11904K, reserved 1048576K
Event: 2810.550 GC heap after
Heap after GC invocations=38 (full 4):
 PSYoungGen      total 147456K, used 23008K [0x00000000e0000000, 0x00000000eca00000, 0x0000000100000000)
  eden space 124416K, 0% used [0x00000000e0000000,0x00000000e0000000,0x00000000e7980000)
  from space 23040K, 99% used [0x00000000e9800000,0x00000000eae78120,0x00000000eae80000)
  to   space 31232K, 0% used [0x00000000e7980000,0x00000000e7980000,0x00000000e9800000)
 ParOldGen       total 117248K, used 82552K [0x00000000a0000000, 0x00000000a7280000, 0x00000000e0000000)
  object space 117248K, 70% used [0x00000000a0000000,0x00000000a509e230,0x00000000a7280000)
 Metaspace       used 86266K, capacity 90200K, committed 90496K, reserved 1128448K
  class space    used 11038K, capacity 11854K, committed 11904K, reserved 1048576K
}
Event: 2811.467 GC heap before
{Heap before GC invocations=39 (full 4):
 PSYoungGen      total 147456K, used 147424K [0x00000000e0000000, 0x00000000eca00000, 0x0000000100000000)
  eden space 124416K, 100% used [0x00000000e0000000,0x00000000e7980000,0x00000000e7980000)
  from space 23040K, 99% used [0x00000000e9800000,0x00000000eae78120,0x00000000eae80000)
  to   space 31232K, 0% used [0x00000000e7980000,0x00000000e7980000,0x00000000e9800000)
 ParOldGen       total 117248K, used 82552K [0x00000000a0000000, 0x00000000a7280000, 0x00000000e0000000)
  object space 117248K, 70% used [0x00000000a0000000,0x00000000a509e230,0x00000000a7280000)
 Metaspace       used 86314K, capacity 90264K, committed 90496K, reserved 1128448K
  class space    used 11038K, capacity 11854K, committed 11904K, reserved 1048576K
Event: 2811.926 GC heap after
Heap after GC invocations=39 (full 4):
 PSYoungGen      total 155648K, used 31054K [0x00000000e0000000, 0x00000000edb00000, 0x0000000100000000)
  eden space 124416K, 0% used [0x00000000e0000000,0x00000000e0000000,0x00000000e7980000)
  from space 31232K, 99% used [0x00000000e7980000,0x00000000e97d3a50,0x00000000e9800000)
  to   space 36352K, 0% used [0x00000000eb780000,0x00000000eb780000,0x00000000edb00000)
 ParOldGen       total 117248K, used 90593K [0x00000000a0000000, 0x00000000a7280000, 0x00000000e0000000)
  object space 117248K, 77% used [0x00000000a0000000,0x00000000a5878438,0x00000000a7280000)
 Metaspace       used 86314K, capacity 90264K, committed 90496K, reserved 1128448K
  class space    used 11038K, capacity 11854K, committed 11904K, reserved 1048576K
}
Event: 2812.463 GC heap before
{Heap before GC invocations=40 (full 4):
 PSYoungGen      total 155648K, used 155470K [0x00000000e0000000, 0x00000000edb00000, 0x0000000100000000)
  eden space 124416K, 100% used [0x00000000e0000000,0x00000000e7980000,0x00000000e7980000)
  from space 31232K, 99% used [0x00000000e7980000,0x00000000e97d3a50,0x00000000e9800000)
  to   space 36352K, 0% used [0x00000000eb780000,0x00000000eb780000,0x00000000edb00000)
 ParOldGen       total 117248K, used 90593K [0x00000000a0000000, 0x00000000a7280000, 0x00000000e0000000)
  object space 117248K, 77% used [0x00000000a0000000,0x00000000a5878438,0x00000000a7280000)
 Metaspace       used 86340K, capacity 90264K, committed 90496K, reserved 1128448K
  class space    used 11038K, capacity 11854K, committed 11904K, reserved 1048576K
Event: 2812.748 GC heap after
Heap after GC invocations=40 (full 4):
 PSYoungGen      total 182784K, used 34148K [0x00000000e0000000, 0x00000000ee680000, 0x0000000100000000)
  eden space 146432K, 0% used [0x00000000e0000000,0x00000000e0000000,0x00000000e8f00000)
  from space 36352K, 93% used [0x00000000eb780000,0x00000000ed8d9278,0x00000000edb00000)
  to   space 41472K, 0% used [0x00000000e8f00000,0x00000000e8f00000,0x00000000eb780000)
 ParOldGen       total 117248K, used 104438K [0x00000000a0000000, 0x00000000a7280000, 0x00000000e0000000)
  object space 117248K, 89% used [0x00000000a0000000,0x00000000a65fdbc0,0x00000000a7280000)
 Metaspace       used 86340K, capacity 90264K, committed 90496K, reserved 1128448K
  class space    used 11038K, capacity 11854K, committed 11904K, reserved 1048576K
}
Event: 2812.789 GC heap before
{Heap before GC invocations=41 (full 5):
 PSYoungGen      total 182784K, used 34148K [0x00000000e0000000, 0x00000000ee680000, 0x0000000100000000)
  eden space 146432K, 0% used [0x00000000e0000000,0x00000000e0000000,0x00000000e8f00000)
  from space 36352K, 93% used [0x00000000eb780000,0x00000000ed8d9278,0x00000000edb00000)
  to   space 41472K, 0% used [0x00000000e8f00000,0x00000000e8f00000,0x00000000eb780000)
 ParOldGen       total 117248K, used 104438K [0x00000000a0000000, 0x00000000a7280000, 0x00000000e0000000)
  object space 117248K, 89% used [0x00000000a0000000,0x00000000a65fdbc0,0x00000000a7280000)
 Metaspace       used 86340K, capacity 90264K, committed 90496K, reserved 1128448K
  class space    used 11038K, capacity 11854K, committed 11904K, reserved 1048576K
Event: 2820.854 GC heap after
Heap after GC invocations=41 (full 5):
 PSYoungGen      total 182784K, used 0K [0x00000000e0000000, 0x00000000ee680000, 0x0000000100000000)
  eden space 146432K, 0% used [0x00000000e0000000,0x00000000e0000000,0x00000000e8f00000)
  from space 36352K, 0% used [0x00000000eb780000,0x00000000eb780000,0x00000000edb00000)
  to   space 41472K, 0% used [0x00000000e8f00000,0x00000000e8f00000,0x00000000eb780000)
 ParOldGen       total 117248K, used 98623K [0x00000000a0000000, 0x00000000a7280000, 0x00000000e0000000)
  object space 117248K, 84% used [0x00000000a0000000,0x00000000a604ff40,0x00000000a7280000)
 Metaspace       used 84511K, capacity 87352K, committed 90496K, reserved 1128448K
  class space    used 10642K, capacity 11163K, committed 11904K, reserved 1048576K
}
Event: 2822.279 GC heap before
{Heap before GC invocations=42 (full 5):
 PSYoungGen      total 182784K, used 146432K [0x00000000e0000000, 0x00000000ee680000, 0x0000000100000000)
  eden space 146432K, 100% used [0x00000000e0000000,0x00000000e8f00000,0x00000000e8f00000)
  from space 36352K, 0% used [0x00000000eb780000,0x00000000eb780000,0x00000000edb00000)
  to   space 41472K, 0% used [0x00000000e8f00000,0x00000000e8f00000,0x00000000eb780000)
 ParOldGen       total 117248K, used 98623K [0x00000000a0000000, 0x00000000a7280000, 0x00000000e0000000)
  object space 117248K, 84% used [0x00000000a0000000,0x00000000a604ff40,0x00000000a7280000)
 Metaspace       used 84737K, capacity 87544K, committed 90496K, reserved 1128448K
  class space    used 10643K, capacity 11163K, committed 11904K, reserved 1048576K
Event: 2822.316 GC heap after
Heap after GC invocations=42 (full 5):
 PSYoungGen      total 187904K, used 15518K [0x00000000e0000000, 0x00000000efc00000, 0x0000000100000000)
  eden space 146432K, 0% used [0x00000000e0000000,0x00000000e0000000,0x00000000e8f00000)
  from space 41472K, 37% used [0x00000000e8f00000,0x00000000e9e278f0,0x00000000eb780000)
  to   space 38912K, 0% used [0x00000000ed600000,0x00000000ed600000,0x00000000efc00000)
 ParOldGen       total 117248K, used 98631K [0x00000000a0000000, 0x00000000a7280000, 0x00000000e0000000)
  object space 117248K, 84% used [0x00000000a0000000,0x00000000a6051f40,0x00000000a7280000)
 Metaspace       used 84737K, capacity 87544K, committed 90496K, reserved 1128448K
  class space    used 10643K, capacity 11163K, committed 11904K, reserved 1048576K
}

