# JRE version: OpenJDK Runtime Environment (8.0_112-b06) (build 1.8.0_112-release-b06)
# Java VM: OpenJDK 64-Bit Server VM (25.112-b06 mixed mode windows-amd64 compressed oops)
Heap:
 PSYoungGen      total 294400K, used 172527K [0x00000000e0000000, 0x00000000f3b00000, 0x0000000100000000)
  eden space 270336K, 58% used [0x00000000e0000000,0x00000000e9a3f538,0x00000000f0800000)
  from space 24064K, 60% used [0x00000000f2380000,0x00000000f31bca30,0x00000000f3b00000)
  to   space 26112K, 0% used [0x00000000f0800000,0x00000000f0800000,0x00000000f2180000)
 ParOldGen       total 113152K, used 60118K [0x00000000a0000000, 0x00000000a6e80000, 0x00000000e0000000)
  object space 113152K, 53% used [0x00000000a0000000,0x00000000a3ab5a98,0x00000000a6e80000)
 Metaspace       used 77580K, capacity 83590K, committed 83840K, reserved 1122304K
  class space    used 9929K, capacity 10759K, committed 10880K, reserved 1048576K
GC Heap History (10 events):
Event: 2129.171 GC heap before
{Heap before GC invocations=54 (full 4):
 PSYoungGen      total 193024K, used 172916K [0x00000000e0000000, 0x00000000ef300000, 0x0000000100000000)
  eden space 165376K, 100% used [0x00000000e0000000,0x00000000ea180000,0x00000000ea180000)
  from space 27648K, 27% used [0x00000000ea180000,0x00000000ea8dd0b0,0x00000000ebc80000)
  to   space 26624K, 0% used [0x00000000ed900000,0x00000000ed900000,0x00000000ef300000)
 ParOldGen       total 113152K, used 51649K [0x00000000a0000000, 0x00000000a6e80000, 0x00000000e0000000)
  object space 113152K, 45% used [0x00000000a0000000,0x00000000a32704d8,0x00000000a6e80000)
 Metaspace       used 76076K, capacity 80830K, committed 80896K, reserved 1120256K
  class space    used 9713K, capacity 10435K, committed 10496K, reserved 1048576K
Event: 2129.758 GC heap after
Heap after GC invocations=54 (full 4):
 PSYoungGen      total 218112K, used 12208K [0x00000000e0000000, 0x00000000ef000000, 0x0000000100000000)
  eden space 194560K, 0% used [0x00000000e0000000,0x00000000e0000000,0x00000000ebe00000)
  from space 23552K, 51% used [0x00000000ed900000,0x00000000ee4ec030,0x00000000ef000000)
  to   space 25600K, 0% used [0x00000000ebe00000,0x00000000ebe00000,0x00000000ed700000)
 ParOldGen       total 113152K, used 53497K [0x00000000a0000000, 0x00000000a6e80000, 0x00000000e0000000)
  object space 113152K, 47% used [0x00000000a0000000,0x00000000a343e680,0x00000000a6e80000)
 Metaspace       used 76076K, capacity 80830K, committed 80896K, reserved 1120256K
  class space    used 9713K, capacity 10435K, committed 10496K, reserved 1048576K
}
Event: 2143.735 GC heap before
{Heap before GC invocations=55 (full 4):
 PSYoungGen      total 218112K, used 203995K [0x00000000e0000000, 0x00000000ef000000, 0x0000000100000000)
  eden space 194560K, 98% used [0x00000000e0000000,0x00000000ebb4aea8,0x00000000ebe00000)
  from space 23552K, 51% used [0x00000000ed900000,0x00000000ee4ec030,0x00000000ef000000)
  to   space 25600K, 0% used [0x00000000ebe00000,0x00000000ebe00000,0x00000000ed700000)
 ParOldGen       total 113152K, used 53497K [0x00000000a0000000, 0x00000000a6e80000, 0x00000000e0000000)
  object space 113152K, 47% used [0x00000000a0000000,0x00000000a343e680,0x00000000a6e80000)
 Metaspace       used 76377K, capacity 81146K, committed 81408K, reserved 1120256K
  class space    used 9731K, capacity 10445K, committed 10496K, reserved 1048576K
Event: 2144.785 GC heap after
Heap after GC invocations=55 (full 4):
 PSYoungGen      total 220160K, used 22436K [0x00000000e0000000, 0x00000000f1780000, 0x0000000100000000)
  eden space 194560K, 0% used [0x00000000e0000000,0x00000000e0000000,0x00000000ebe00000)
  from space 25600K, 87% used [0x00000000ebe00000,0x00000000ed3e90b8,0x00000000ed700000)
  to   space 28160K, 0% used [0x00000000efc00000,0x00000000efc00000,0x00000000f1780000)
 ParOldGen       total 113152K, used 58338K [0x00000000a0000000, 0x00000000a6e80000, 0x00000000e0000000)
  object space 113152K, 51% used [0x00000000a0000000,0x00000000a38f8a28,0x00000000a6e80000)
 Metaspace       used 76377K, capacity 81146K, committed 81408K, reserved 1120256K
  class space    used 9731K, capacity 10445K, committed 10496K, reserved 1048576K
}
Event: 2145.003 GC heap before
{Heap before GC invocations=56 (full 4):
 PSYoungGen      total 220160K, used 216641K [0x00000000e0000000, 0x00000000f1780000, 0x0000000100000000)
  eden space 194560K, 99% used [0x00000000e0000000,0x00000000ebda7548,0x00000000ebe00000)
  from space 25600K, 87% used [0x00000000ebe00000,0x00000000ed3e90b8,0x00000000ed700000)
  to   space 28160K, 0% used [0x00000000efc00000,0x00000000efc00000,0x00000000f1780000)
 ParOldGen       total 113152K, used 58338K [0x00000000a0000000, 0x00000000a6e80000, 0x00000000e0000000)
  object space 113152K, 51% used [0x00000000a0000000,0x00000000a38f8a28,0x00000000a6e80000)
 Metaspace       used 76407K, capacity 81212K, committed 81408K, reserved 1120256K
  class space    used 9731K, capacity 10446K, committed 10496K, reserved 1048576K
Event: 2145.024 GC heap after
Heap after GC invocations=56 (full 4):
 PSYoungGen      total 258048K, used 8763K [0x00000000e0000000, 0x00000000f1680000, 0x0000000100000000)
  eden space 230912K, 0% used [0x00000000e0000000,0x00000000e0000000,0x00000000ee180000)
  from space 27136K, 32% used [0x00000000efc00000,0x00000000f048eea0,0x00000000f1680000)
  to   space 27136K, 0% used [0x00000000ee180000,0x00000000ee180000,0x00000000efc00000)
 ParOldGen       total 113152K, used 59250K [0x00000000a0000000, 0x00000000a6e80000, 0x00000000e0000000)
  object space 113152K, 52% used [0x00000000a0000000,0x00000000a39dca68,0x00000000a6e80000)
 Metaspace       used 76407K, capacity 81212K, committed 81408K, reserved 1120256K
  class space    used 9731K, capacity 10446K, committed 10496K, reserved 1048576K
}
Event: 2423.810 GC heap before
{Heap before GC invocations=57 (full 4):
 PSYoungGen      total 258048K, used 239675K [0x00000000e0000000, 0x00000000f1680000, 0x0000000100000000)
  eden space 230912K, 100% used [0x00000000e0000000,0x00000000ee180000,0x00000000ee180000)
  from space 27136K, 32% used [0x00000000efc00000,0x00000000f048eea0,0x00000000f1680000)
  to   space 27136K, 0% used [0x00000000ee180000,0x00000000ee180000,0x00000000efc00000)
 ParOldGen       total 113152K, used 59250K [0x00000000a0000000, 0x00000000a6e80000, 0x00000000e0000000)
  object space 113152K, 52% used [0x00000000a0000000,0x00000000a39dca68,0x00000000a6e80000)
 Metaspace       used 76527K, capacity 81350K, committed 81408K, reserved 1120256K
  class space    used 9744K, capacity 10461K, committed 10496K, reserved 1048576K
Event: 2423.904 GC heap after
Heap after GC invocations=57 (full 4):
 PSYoungGen      total 258048K, used 8400K [0x00000000e0000000, 0x00000000f3d00000, 0x0000000100000000)
  eden space 230912K, 0% used [0x00000000e0000000,0x00000000e0000000,0x00000000ee180000)
  from space 27136K, 30% used [0x00000000ee180000,0x00000000ee9b4050,0x00000000efc00000)
  to   space 26112K, 0% used [0x00000000f2380000,0x00000000f2380000,0x00000000f3d00000)
 ParOldGen       total 113152K, used 59454K [0x00000000a0000000, 0x00000000a6e80000, 0x00000000e0000000)
  object space 113152K, 52% used [0x00000000a0000000,0x00000000a3a0fa78,0x00000000a6e80000)
 Metaspace       used 76527K, capacity 81350K, committed 81408K, reserved 1120256K
  class space    used 9744K, capacity 10461K, committed 10496K, reserved 1048576K
}
Event: 2499.823 GC heap before
{Heap before GC invocations=58 (full 4):
 PSYoungGen      total 258048K, used 239081K [0x00000000e0000000, 0x00000000f3d00000, 0x0000000100000000)
  eden space 230912K, 99% used [0x00000000e0000000,0x00000000ee146700,0x00000000ee180000)
  from space 27136K, 30% used [0x00000000ee180000,0x00000000ee9b4050,0x00000000efc00000)
  to   space 26112K, 0% used [0x00000000f2380000,0x00000000f2380000,0x00000000f3d00000)
 ParOldGen       total 113152K, used 59454K [0x00000000a0000000, 0x00000000a6e80000, 0x00000000e0000000)
  object space 113152K, 52% used [0x00000000a0000000,0x00000000a3a0fa78,0x00000000a6e80000)
 Metaspace       used 77419K, capacity 83288K, committed 83456K, reserved 1122304K
  class space    used 9920K, capacity 10748K, committed 10752K, reserved 1048576K
Event: 2500.131 GC heap after
Heap after GC invocations=58 (full 4):
 PSYoungGen      total 294400K, used 14578K [0x00000000e0000000, 0x00000000f3b00000, 0x0000000100000000)
  eden space 270336K, 0% used [0x00000000e0000000,0x00000000e0000000,0x00000000f0800000)
  from space 24064K, 60% used [0x00000000f2380000,0x00000000f31bca30,0x00000000f3b00000)
  to   space 26112K, 0% used [0x00000000f0800000,0x00000000f0800000,0x00000000f2180000)
 ParOldGen       total 113152K, used 60118K [0x00000000a0000000, 0x00000000a6e80000, 0x00000000e0000000)
  object space 113152K, 53% used [0x00000000a0000000,0x00000000a3ab5a98,0x00000000a6e80000)
 Metaspace       used 77419K, capacity 83288K, committed 83456K, reserved 1122304K
  class space    used 9920K, capacity 10748K, committed 10752K, reserved 1048576K
}

